<?xml version="1.0" ?>
<coverage version="7.12.0" timestamp="1765369479808" lines-valid="0" lines-covered="0" line-rate="1" branches-valid="0" branches-covered="0" branch-rate="1" complexity="0">
	<!-- Generated by coverage.py: https://coverage.readthedocs.io/en/7.12.0 -->
	<!-- Based on https://raw.githubusercontent.com/cobertura/web/master/htdocs/xml/coverage-04.dtd -->
	<sources>
		<source>C:\Users\user\Documents\Alphonce_Training\05-Professor-ALO\Batch5-SystemsAutomation\01-Projects\autom8</source>
	</sources>
	<packages>
		<package name="." line-rate="1" branch-rate="1" complexity="0">
			<classes>
				<class name="__init__.py" filename="__init__.py" complexity="0" line-rate="1" branch-rate="1">
					<methods/>
					<lines/>
				</class>
				<class name="alerts.py" filename="alerts.py" complexity="0" line-rate="1" branch-rate="1">
					<methods/>
					<lines/>
				</class>
				<class name="analyze_logs.py" filename="analyze_logs.py" complexity="0" line-rate="1" branch-rate="1">
					<methods/>
					<lines/>
				</class>
				<class name="api.py" filename="api.py" complexity="0" line-rate="1" branch-rate="1">
					<methods/>
					<lines/>
				</class>
				<class name="core.py" filename="core.py" complexity="0" line-rate="1" branch-rate="1">
					<methods/>
					<lines/>
				</class>
				<class name="dashboard.py" filename="dashboard.py" complexity="0" line-rate="1" branch-rate="1">
					<methods/>
					<lines/>
				</class>
				<class name="db_shell.py" filename="db_shell.py" complexity="0" line-rate="1" branch-rate="1">
					<methods/>
					<lines/>
				</class>
				<class name="demo_tasks.py" filename="demo_tasks.py" complexity="0" line-rate="1" branch-rate="1">
					<methods/>
					<lines/>
				</class>
				<class name="init_database.py" filename="init_database.py" complexity="0" line-rate="1" branch-rate="1">
					<methods/>
					<lines/>
				</class>
				<class name="inspect_db.py" filename="inspect_db.py" complexity="0" line-rate="1" branch-rate="1">
					<methods/>
					<lines/>
				</class>
				<class name="metrics.py" filename="metrics.py" complexity="0" line-rate="1" branch-rate="1">
					<methods/>
					<lines/>
				</class>
				<class name="models.py" filename="models.py" complexity="0" line-rate="1" branch-rate="1">
					<methods/>
					<lines/>
				</class>
				<class name="monitor_scheduler.py" filename="monitor_scheduler.py" complexity="0" line-rate="1" branch-rate="1">
					<methods/>
					<lines/>
				</class>
				<class name="scheduler.py" filename="scheduler.py" complexity="0" line-rate="1" branch-rate="1">
					<methods/>
					<lines/>
				</class>
				<class name="seed_data.py" filename="seed_data.py" complexity="0" line-rate="1" branch-rate="1">
					<methods/>
					<lines/>
				</class>
				<class name="tasks.py" filename="tasks.py" complexity="0" line-rate="1" branch-rate="1">
					<methods/>
					<lines/>
				</class>
				<class name="test_api_manual.py" filename="test_api_manual.py" complexity="0" line-rate="1" branch-rate="1">
					<methods/>
					<lines/>
				</class>
				<class name="test_monitoring.py" filename="test_monitoring.py" complexity="0" line-rate="1" branch-rate="1">
					<methods/>
					<lines/>
				</class>
				<class name="test_paths.py" filename="test_paths.py" complexity="0" line-rate="1" branch-rate="1">
					<methods/>
					<lines/>
				</class>
				<class name="test_scheduler.py" filename="test_scheduler.py" complexity="0" line-rate="1" branch-rate="1">
					<methods/>
					<lines/>
				</class>
			</classes>
		</package>
	</packages>
</coverage>
