============================= test session starts =============================
platform win32 -- Python 3.14.2, pytest-9.0.1, pluggy-1.6.0 -- C:\Users\user\Documents\Alphonce_Training\05-Professor-ALO\Batch5-SystemsAutomation\01-Projects\venv\Scripts\python.exe
cachedir: .pytest_cache
rootdir: C:\Users\user\Documents\Alphonce_Training\05-Professor-ALO\Batch5-SystemsAutomation\01-Projects
configfile: pytest.ini
testpaths: tests
plugins: cov-7.0.0
collecting ... collected 100 items

tests/integration/test_api.py::TestHealthEndpoint::test_health_endpoint_returns_200 PASSED [  1%]
tests/integration/test_api.py::TestHealthEndpoint::test_health_endpoint_returns_json PASSED [  2%]
tests/integration/test_api.py::TestHealthEndpoint::test_health_endpoint_structure PASSED [  3%]
tests/integration/test_api.py::TestContactsEndpoints::test_get_all_contacts_empty PASSED [  4%]
tests/integration/test_api.py::TestContactsEndpoints::test_create_contact_success PASSED [  5%]
tests/integration/test_api.py::TestContactsEndpoints::test_create_contact_missing_name PASSED [  6%]
tests/integration/test_api.py::TestContactsEndpoints::test_create_contact_missing_phone PASSED [  7%]
tests/integration/test_api.py::TestContactsEndpoints::test_get_contact_by_id PASSED [  8%]
tests/integration/test_api.py::TestContactsEndpoints::test_get_nonexistent_contact PASSED [  9%]
tests/integration/test_api.py::TestContactsEndpoints::test_update_contact PASSED [ 10%]
tests/integration/test_api.py::TestContactsEndpoints::test_delete_contact PASSED [ 11%]
tests/integration/test_api.py::TestContactsEndpoints::test_create_duplicate_phone PASSED [ 12%]
tests/integration/test_api.py::TestMetricsEndpoint::test_metrics_endpoint_returns_200 PASSED [ 13%]
tests/integration/test_api.py::TestMetricsEndpoint::test_metrics_endpoint_returns_json PASSED [ 14%]
tests/integration/test_api.py::TestMetricsEndpoint::test_metrics_contains_system_info PASSED [ 15%]
tests/integration/test_api.py::TestAPIErrorHandling::test_invalid_json_returns_400 PASSED [ 16%]
tests/integration/test_api.py::TestAPIErrorHandling::test_invalid_endpoint_returns_404 PASSED [ 17%]
tests/integration/test_api.py::TestAPIErrorHandling::test_invalid_method_returns_405 PASSED [ 18%]
tests/integration/test_api.py::TestAPIWorkflows::test_complete_contact_lifecycle PASSED [ 19%]
tests/integration/test_api.py::TestAPIWorkflows::test_multiple_contacts_workflow PASSED [ 20%]
tests/integration/test_database.py::TestDatabaseConnection::test_create_database_engine PASSED [ 21%]
tests/integration/test_database.py::TestDatabaseConnection::test_create_tables PASSED [ 22%]
tests/integration/test_database.py::TestDatabaseConnection::test_session_creation PASSED [ 23%]
tests/integration/test_database.py::TestDatabaseTransactions::test_commit_transaction PASSED [ 24%]
tests/integration/test_database.py::TestDatabaseTransactions::test_rollback_transaction PASSED [ 25%]
tests/integration/test_database.py::TestDatabaseTransactions::test_transaction_isolation PASSED [ 26%]
tests/integration/test_database.py::TestDataIntegrity::test_unique_phone_constraint PASSED [ 27%]
tests/integration/test_database.py::TestDataIntegrity::test_not_null_constraints PASSED [ 28%]
tests/integration/test_database.py::TestBulkOperations::test_bulk_insert PASSED [ 29%]
tests/integration/test_database.py::TestBulkOperations::test_bulk_update PASSED [ 30%]
tests/integration/test_database.py::TestBulkOperations::test_bulk_delete PASSED [ 31%]
tests/integration/test_database.py::TestQueryPerformance::test_query_with_filter PASSED [ 32%]
tests/integration/test_database.py::TestQueryPerformance::test_query_with_like PASSED [ 33%]
tests/integration/test_database.py::TestQueryPerformance::test_query_ordering PASSED [ 34%]
tests/integration/test_database.py::TestQueryPerformance::test_query_limit PASSED [ 35%]
tests/integration/test_database.py::TestQueryPerformance::test_query_count PASSED [ 36%]
tests/integration/test_database.py::TestConcurrentAccess::test_multiple_sessions_read PASSED [ 37%]
tests/integration/test_scheduler.py::TestSchedulerInitialization::test_scheduler_creation PASSED [ 38%]
tests/integration/test_scheduler.py::TestSchedulerInitialization::test_scheduler_start PASSED [ 39%]
tests/integration/test_scheduler.py::TestSchedulerInitialization::test_scheduler_stop PASSED [ 40%]
tests/integration/test_scheduler.py::TestJobScheduling::test_add_interval_job PASSED [ 41%]
tests/integration/test_scheduler.py::TestJobScheduling::test_add_cron_job PASSED [ 42%]
tests/integration/test_scheduler.py::TestJobScheduling::test_add_date_job PASSED [ 43%]
tests/integration/test_scheduler.py::TestJobScheduling::test_add_duplicate_job_id_fails PASSED [ 44%]
tests/integration/test_scheduler.py::TestJobExecution::test_job_executes PASSED [ 45%]
tests/integration/test_scheduler.py::TestJobExecution::test_job_with_args PASSED [ 46%]
tests/integration/test_scheduler.py::TestJobExecution::test_job_executes_multiple_times PASSED [ 47%]
tests/integration/test_scheduler.py::TestJobManagement::test_get_job PASSED [ 48%]
tests/integration/test_scheduler.py::TestJobManagement::test_get_nonexistent_job PASSED [ 49%]
tests/integration/test_scheduler.py::TestJobManagement::test_remove_job PASSED [ 50%]
tests/integration/test_scheduler.py::TestJobManagement::test_pause_job PASSED [ 51%]
tests/integration/test_scheduler.py::TestJobManagement::test_resume_job PASSED [ 52%]
tests/integration/test_scheduler.py::TestJobManagement::test_get_all_jobs PASSED [ 53%]
tests/integration/test_scheduler.py::TestSchedulerErrorHandling::test_job_exception_handling PASSED [ 54%]
tests/integration/test_scheduler.py::TestSchedulerErrorHandling::test_remove_nonexistent_job PASSED [ 55%]
tests/integration/test_scheduler.py::TestAutom8Scheduler::test_autom8_scheduler_start PASSED [ 56%]
tests/integration/test_scheduler.py::TestAutom8Scheduler::test_autom8_scheduled_tasks PASSED [ 57%]
tests/integration/test_scheduler.py::TestSchedulerWithMockedTime::test_job_scheduling_with_mock_time PASSED [ 58%]
tests/integration/test_scheduler.py::test_various_trigger_types[interval-trigger_args0] PASSED [ 59%]
tests/integration/test_scheduler.py::test_various_trigger_types[interval-trigger_args1] PASSED [ 60%]
tests/integration/test_scheduler.py::test_various_trigger_types[interval-trigger_args2] PASSED [ 61%]
tests/integration/test_scheduler.py::test_various_trigger_types[cron-trigger_args3] PASSED [ 62%]
tests/integration/test_scheduler.py::test_various_trigger_types[cron-trigger_args4] PASSED [ 63%]
tests/unit/test_core.py::TestJSONOperations::test_save_json PASSED       [ 64%]
tests/unit/test_core.py::TestJSONOperations::test_load_json_existing_file PASSED [ 65%]
tests/unit/test_core.py::TestJSONOperations::test_load_json_nonexistent_file PASSED [ 66%]
tests/unit/test_core.py::TestJSONOperations::test_save_json_complex_data PASSED [ 67%]
tests/unit/test_core.py::TestJSONOperations::test_save_json_overwrites_existing PASSED [ 68%]
tests/unit/test_core.py::TestLogging::test_logger_exists PASSED          [ 69%]
tests/unit/test_core.py::TestLogging::test_log_info_message PASSED       [ 70%]
tests/unit/test_core.py::TestLogging::test_log_error_message PASSED      [ 71%]
tests/unit/test_core.py::TestLogging::test_log_warning_message PASSED    [ 72%]
tests/unit/test_core.py::TestPathOperations::test_data_dir_exists PASSED [ 73%]
tests/unit/test_core.py::TestPathOperations::test_base_dir_exists PASSED [ 74%]
tests/unit/test_core.py::test_json_roundtrip[input_data0-expected0] PASSED [ 75%]
tests/unit/test_core.py::test_json_roundtrip[input_data1-expected1] PASSED [ 76%]
tests/unit/test_core.py::test_json_roundtrip[input_data2-expected2] PASSED [ 77%]
tests/unit/test_models.py::TestContactModel::test_contact_creation PASSED [ 78%]
tests/unit/test_models.py::TestContactModel::test_contact_string_representation PASSED [ 79%]
tests/unit/test_models.py::TestContactModel::test_contact_requires_name PASSED [ 80%]
tests/unit/test_models.py::TestContactModel::test_contact_requires_phone PASSED [ 81%]
tests/unit/test_models.py::TestContactModel::test_contact_phone_unique PASSED [ 82%]
tests/unit/test_models.py::TestContactModel::test_contact_update PASSED  [ 83%]
tests/unit/test_models.py::TestContactModel::test_contact_delete PASSED  [ 84%]
tests/unit/test_models.py::TestContactModel::test_contact_query_all PASSED [ 85%]
tests/unit/test_models.py::TestContactModel::test_contact_query_by_name PASSED [ 86%]
tests/unit/test_models.py::TestContactModel::test_contact_query_by_phone PASSED [ 87%]
tests/unit/test_models.py::TestContactModel::test_contact_created_at_auto_set PASSED [ 88%]
tests/unit/test_models.py::TestContactValidation::test_contact_empty_name PASSED [ 89%]
tests/unit/test_models.py::TestContactValidation::test_contact_very_long_name PASSED [ 90%]
tests/unit/test_models.py::TestContactValidation::test_contact_special_characters_in_name PASSED [ 91%]
tests/unit/test_models.py::TestContactValidation::test_contact_phone_formats PASSED [ 92%]
tests/unit/test_models.py::test_contact_creation_parametrized[Valid User-0700000000-True] PASSED [ 93%]
tests/unit/test_models.py::test_contact_creation_parametrized[Another User-0711111111-True] PASSED [ 94%]
tests/unit/test_models.py::test_contact_creation_parametrized[User Three-+254722222222-True] PASSED [ 95%]
tests/unit/test_tasks.py::TestSampleTasks::test_backup_task_success PASSED [ 96%]
tests/unit/test_tasks.py::TestSampleTasks::test_cleanup_task_success PASSED [ 97%]
tests/unit/test_tasks.py::TestSampleTasks::test_report_task_success PASSED [ 98%]
tests/unit/test_tasks.py::TestTaskErrorHandling::test_task_handles_external_failure PASSED [ 99%]
tests/unit/test_tasks.py::TestTaskTiming::test_backup_task_completes_fast PASSED [100%]
ERROR: Coverage failure: total of 0.00 is less than fail-under=80.00


=============================== tests coverage ================================
_______________ coverage: platform win32, python 3.14.2-final-0 _______________

Name                          Stmts   Miss Branch BrPart    Cover   Missing
---------------------------------------------------------------------------
autom8\__init__.py                0      0      0      0  100.00%
autom8\alerts.py                  0      0      0      0  100.00%
autom8\analyze_logs.py            0      0      0      0  100.00%
autom8\api.py                     0      0      0      0  100.00%
autom8\core.py                    0      0      0      0  100.00%
autom8\dashboard.py               0      0      0      0  100.00%
autom8\db_shell.py                0      0      0      0  100.00%
autom8\demo_tasks.py              0      0      0      0  100.00%
autom8\init_database.py           0      0      0      0  100.00%
autom8\inspect_db.py              0      0      0      0  100.00%
autom8\metrics.py                 0      0      0      0  100.00%
autom8\models.py                  0      0      0      0  100.00%
autom8\monitor_scheduler.py       0      0      0      0  100.00%
autom8\scheduler.py               0      0      0      0  100.00%
autom8\seed_data.py               0      0      0      0  100.00%
autom8\tasks.py                   0      0      0      0  100.00%
autom8\test_api_manual.py         0      0      0      0  100.00%
autom8\test_monitoring.py         0      0      0      0  100.00%
autom8\test_paths.py              0      0      0      0  100.00%
autom8\test_scheduler.py          0      0      0      0  100.00%
---------------------------------------------------------------------------
TOTAL                             0      0      0      0  100.00%
Coverage HTML written to dir htmlcov
Coverage XML written to file coverage.xml
FAIL Required test coverage of 80% not reached. Total coverage: 0.00%
===================== 100 passed, 366 warnings in 18.09s ======================
